21-Oct-2024 00:08:31.194 INFO [Thread-1] org.apache.coyote.AbstractProtocol.pause Pausing ProtocolHandler ["http-nio-8080"]
21-Oct-2024 00:08:31.221 INFO [Thread-1] org.apache.catalina.core.StandardService.stopInternal Parando servicio [Catalina]
21-Oct-2024 00:08:31.227 WARNING [Thread-1] org.apache.catalina.loader.WebappClassLoaderBase.clearReferencesJdbc La aplicación web [T03_BodegaLaEsquinita_P] registró el conductor JDBC [com.microsoft.sqlserver.jdbc.SQLServerDriver] pero falló al anular el registro mientras la aplicación web estaba parada. Para prevenir un fallo de memoria, se ha anulado el registro del conductor JDBC por la fuerza.
21-Oct-2024 00:08:31.230 INFO [Thread-1] org.apache.coyote.AbstractProtocol.stop Stopping ProtocolHandler ["http-nio-8080"]
21-Oct-2024 00:08:31.233 INFO [Thread-1] org.apache.coyote.AbstractProtocol.destroy Destroying ProtocolHandler ["http-nio-8080"]
21-Oct-2024 00:08:32.897 INFO [main] org.apache.catalina.startup.VersionLoggerListener.log Nombre de la versión del servidor: Apache Tomcat/9.0.94
21-Oct-2024 00:08:32.899 INFO [main] org.apache.catalina.startup.VersionLoggerListener.log Server built:                      Sep 5 2024 13:35:59 UTC
21-Oct-2024 00:08:32.899 INFO [main] org.apache.catalina.startup.VersionLoggerListener.log Número de versión de servidor:     9.0.94.0
21-Oct-2024 00:08:32.899 INFO [main] org.apache.catalina.startup.VersionLoggerListener.log OS Name:                           Windows 10
21-Oct-2024 00:08:32.899 INFO [main] org.apache.catalina.startup.VersionLoggerListener.log Versión de Systema Operativo:      10.0
21-Oct-2024 00:08:32.899 INFO [main] org.apache.catalina.startup.VersionLoggerListener.log Arquitectura:                      amd64
21-Oct-2024 00:08:32.899 INFO [main] org.apache.catalina.startup.VersionLoggerListener.log Java Home:                         C:\Program Files\Java\jdk-17
21-Oct-2024 00:08:32.900 INFO [main] org.apache.catalina.startup.VersionLoggerListener.log JVM Version:                       17.0.10+11-LTS-240
21-Oct-2024 00:08:32.900 INFO [main] org.apache.catalina.startup.VersionLoggerListener.log Vededor JVM:                       Oracle Corporation
21-Oct-2024 00:08:32.900 INFO [main] org.apache.catalina.startup.VersionLoggerListener.log CATALINA_BASE:                     C:\AS232S3_T03-be\T03_BodegaLaEsquinita_P
21-Oct-2024 00:08:32.900 INFO [main] org.apache.catalina.startup.VersionLoggerListener.log CATALINA_HOME:                     C:\apache-tomcat-9.0.94
21-Oct-2024 00:08:32.907 INFO [main] org.apache.catalina.startup.VersionLoggerListener.log Command line argument:             --add-opens=java.base/java.lang=ALL-UNNAMED
21-Oct-2024 00:08:32.907 INFO [main] org.apache.catalina.startup.VersionLoggerListener.log Command line argument:             --add-opens=java.base/java.io=ALL-UNNAMED
21-Oct-2024 00:08:32.907 INFO [main] org.apache.catalina.startup.VersionLoggerListener.log Command line argument:             --add-opens=java.base/java.util=ALL-UNNAMED
21-Oct-2024 00:08:32.907 INFO [main] org.apache.catalina.startup.VersionLoggerListener.log Command line argument:             --add-opens=java.base/java.util.concurrent=ALL-UNNAMED
21-Oct-2024 00:08:32.907 INFO [main] org.apache.catalina.startup.VersionLoggerListener.log Command line argument:             --add-opens=java.rmi/sun.rmi.transport=ALL-UNNAMED
21-Oct-2024 00:08:32.907 INFO [main] org.apache.catalina.startup.VersionLoggerListener.log Command line argument:             -Dcatalina.home=C:\apache-tomcat-9.0.94
21-Oct-2024 00:08:32.907 INFO [main] org.apache.catalina.startup.VersionLoggerListener.log Command line argument:             -Dcatalina.base=C:\AS232S3_T03-be\T03_BodegaLaEsquinita_P
21-Oct-2024 00:08:32.908 INFO [main] org.apache.catalina.startup.VersionLoggerListener.log Command line argument:             -Djava.io.tmpdir=C:\AS232S3_T03-be\T03_BodegaLaEsquinita_P\temp
21-Oct-2024 00:08:32.908 INFO [main] org.apache.catalina.startup.VersionLoggerListener.log Command line argument:             -Djava.util.logging.config.file=C:\AS232S3_T03-be\T03_BodegaLaEsquinita_P\conf\logging.properties
21-Oct-2024 00:08:32.908 INFO [main] org.apache.catalina.startup.VersionLoggerListener.log Command line argument:             -Djava.util.logging.manager=org.apache.juli.ClassLoaderLogManager
21-Oct-2024 00:08:32.908 INFO [main] org.apache.catalina.startup.VersionLoggerListener.log Command line argument:             -javaagent:C:\Program Files\JetBrains\IntelliJ IDEA 2024.2.1\lib\idea_rt.jar=53704:C:\Program Files\JetBrains\IntelliJ IDEA 2024.2.1\bin
21-Oct-2024 00:08:32.908 INFO [main] org.apache.catalina.startup.VersionLoggerListener.log Command line argument:             -Dfile.encoding=UTF-8
21-Oct-2024 00:08:32.910 INFO [main] org.apache.catalina.core.AprLifecycleListener.lifecycleEvent Cargada la biblioteca nativa APR de Apache Tomcat [1.3.1] con la versión APR [1.7.4].
21-Oct-2024 00:08:32.911 INFO [main] org.apache.catalina.core.AprLifecycleListener.lifecycleEvent Capacidades APR: IPv6 [true], enviar fichero [true], aceptar filtros [false], aleatorio [true], UDS [true].
21-Oct-2024 00:08:32.911 INFO [main] org.apache.catalina.core.AprLifecycleListener.lifecycleEvent APR/OpenSSL configuration: useAprConnector [false], useOpenSSL [true]
21-Oct-2024 00:08:32.916 INFO [main] org.apache.catalina.core.AprLifecycleListener.initializeSSL OpenSSL inicializado correctamente [OpenSSL 3.0.14 4 Jun 2024]
21-Oct-2024 00:08:33.156 INFO [main] org.apache.coyote.AbstractProtocol.init Inicializando el manejador de protocolo ["http-nio-8080"]

21-Oct-2024 00:08:33.176 INFO [main] org.apache.catalina.startup.Catalina.load Server initialization in [441] milliseconds
21-Oct-2024 00:08:33.222 INFO [main] org.apache.catalina.core.StandardService.startInternal Arrancando servicio [Catalina]
21-Oct-2024 00:08:33.222 INFO [main] org.apache.catalina.core.StandardEngine.startInternal Starting Servlet engine: [Apache Tomcat/9.0.94]
21-Oct-2024 00:08:33.232 INFO [main] org.apache.catalina.startup.HostConfig.deployDescriptor Desplieque del descriptor de configuración [C:\AS232S3_T03-be\T03_BodegaLaEsquinita_P\conf\Catalina\localhost\T03_BodegaLaEsquinita_P.xml]
21-Oct-2024 00:08:34.246 INFO [main] org.apache.jasper.servlet.TldScanner.scanJars Al menos un JAR, que se ha explorado buscando TLDs, aún no contenía TLDs. Activar historial de depuración para este historiador para una completa lista de los JARs que fueron explorados y de los que nos se halló TLDs. Saltarse JARs no necesarios durante la exploración puede dar lugar a una mejora de tiempo significativa en el arranque y compilación de JSP .
21-Oct-2024 00:08:34.352 INFO [main] org.apache.catalina.startup.HostConfig.deployDescriptor Deployment of deployment descriptor [C:\AS232S3_T03-be\T03_BodegaLaEsquinita_P\conf\Catalina\localhost\T03_BodegaLaEsquinita_P.xml] has finished in [1.118] ms
21-Oct-2024 00:08:34.355 INFO [main] org.apache.coyote.AbstractProtocol.start Starting ProtocolHandler ["http-nio-8080"]
21-Oct-2024 00:08:34.397 INFO [main] org.apache.catalina.startup.Catalina.start Server startup in [1221] milliseconds
21-Oct-2024 00:08:37.331 INFO [Thread-1] org.apache.coyote.AbstractProtocol.pause Pausing ProtocolHandler ["http-nio-8080"]
21-Oct-2024 00:08:37.361 INFO [Thread-1] org.apache.catalina.core.StandardService.stopInternal Parando servicio [Catalina]
21-Oct-2024 00:08:37.369 INFO [Thread-1] org.apache.coyote.AbstractProtocol.stop Stopping ProtocolHandler ["http-nio-8080"]
21-Oct-2024 00:08:37.372 INFO [Thread-1] org.apache.coyote.AbstractProtocol.destroy Destroying ProtocolHandler ["http-nio-8080"]
21-Oct-2024 00:13:26.888 INFO [main] org.apache.catalina.startup.VersionLoggerListener.log Nombre de la versión del servidor: Apache Tomcat/9.0.94
21-Oct-2024 00:13:26.892 INFO [main] org.apache.catalina.startup.VersionLoggerListener.log Server built:                      Sep 5 2024 13:35:59 UTC
21-Oct-2024 00:13:26.893 INFO [main] org.apache.catalina.startup.VersionLoggerListener.log Número de versión de servidor:     9.0.94.0
21-Oct-2024 00:13:26.893 INFO [main] org.apache.catalina.startup.VersionLoggerListener.log OS Name:                           Windows 10
21-Oct-2024 00:13:26.893 INFO [main] org.apache.catalina.startup.VersionLoggerListener.log Versión de Systema Operativo:      10.0
21-Oct-2024 00:13:26.893 INFO [main] org.apache.catalina.startup.VersionLoggerListener.log Arquitectura:                      amd64
21-Oct-2024 00:13:26.893 INFO [main] org.apache.catalina.startup.VersionLoggerListener.log Java Home:                         C:\Program Files\Java\jdk-17
21-Oct-2024 00:13:26.893 INFO [main] org.apache.catalina.startup.VersionLoggerListener.log JVM Version:                       17.0.10+11-LTS-240
21-Oct-2024 00:13:26.893 INFO [main] org.apache.catalina.startup.VersionLoggerListener.log Vededor JVM:                       Oracle Corporation
21-Oct-2024 00:13:26.893 INFO [main] org.apache.catalina.startup.VersionLoggerListener.log CATALINA_BASE:                     C:\AS232S3_T03-be\T03_BodegaLaEsquinita_P
21-Oct-2024 00:13:26.893 INFO [main] org.apache.catalina.startup.VersionLoggerListener.log CATALINA_HOME:                     C:\apache-tomcat-9.0.94
21-Oct-2024 00:13:26.902 INFO [main] org.apache.catalina.startup.VersionLoggerListener.log Command line argument:             --add-opens=java.base/java.lang=ALL-UNNAMED
21-Oct-2024 00:13:26.902 INFO [main] org.apache.catalina.startup.VersionLoggerListener.log Command line argument:             --add-opens=java.base/java.io=ALL-UNNAMED
21-Oct-2024 00:13:26.902 INFO [main] org.apache.catalina.startup.VersionLoggerListener.log Command line argument:             --add-opens=java.base/java.util=ALL-UNNAMED
21-Oct-2024 00:13:26.902 INFO [main] org.apache.catalina.startup.VersionLoggerListener.log Command line argument:             --add-opens=java.base/java.util.concurrent=ALL-UNNAMED
21-Oct-2024 00:13:26.902 INFO [main] org.apache.catalina.startup.VersionLoggerListener.log Command line argument:             --add-opens=java.rmi/sun.rmi.transport=ALL-UNNAMED
21-Oct-2024 00:13:26.903 INFO [main] org.apache.catalina.startup.VersionLoggerListener.log Command line argument:             -Dcatalina.home=C:\apache-tomcat-9.0.94
21-Oct-2024 00:13:26.903 INFO [main] org.apache.catalina.startup.VersionLoggerListener.log Command line argument:             -Dcatalina.base=C:\AS232S3_T03-be\T03_BodegaLaEsquinita_P
21-Oct-2024 00:13:26.903 INFO [main] org.apache.catalina.startup.VersionLoggerListener.log Command line argument:             -Djava.io.tmpdir=C:\AS232S3_T03-be\T03_BodegaLaEsquinita_P\temp
21-Oct-2024 00:13:26.903 INFO [main] org.apache.catalina.startup.VersionLoggerListener.log Command line argument:             -Djava.util.logging.config.file=C:\AS232S3_T03-be\T03_BodegaLaEsquinita_P\conf\logging.properties
21-Oct-2024 00:13:26.903 INFO [main] org.apache.catalina.startup.VersionLoggerListener.log Command line argument:             -Djava.util.logging.manager=org.apache.juli.ClassLoaderLogManager
21-Oct-2024 00:13:26.903 INFO [main] org.apache.catalina.startup.VersionLoggerListener.log Command line argument:             -javaagent:C:\Program Files\JetBrains\IntelliJ IDEA 2024.2.1\lib\idea_rt.jar=53767:C:\Program Files\JetBrains\IntelliJ IDEA 2024.2.1\bin
21-Oct-2024 00:13:26.903 INFO [main] org.apache.catalina.startup.VersionLoggerListener.log Command line argument:             -Dfile.encoding=UTF-8
21-Oct-2024 00:13:26.906 INFO [main] org.apache.catalina.core.AprLifecycleListener.lifecycleEvent Cargada la biblioteca nativa APR de Apache Tomcat [1.3.1] con la versión APR [1.7.4].
21-Oct-2024 00:13:26.907 INFO [main] org.apache.catalina.core.AprLifecycleListener.lifecycleEvent Capacidades APR: IPv6 [true], enviar fichero [true], aceptar filtros [false], aleatorio [true], UDS [true].
21-Oct-2024 00:13:26.929 INFO [main] org.apache.catalina.core.AprLifecycleListener.lifecycleEvent APR/OpenSSL configuration: useAprConnector [false], useOpenSSL [true]
21-Oct-2024 00:13:26.936 INFO [main] org.apache.catalina.core.AprLifecycleListener.initializeSSL OpenSSL inicializado correctamente [OpenSSL 3.0.14 4 Jun 2024]
21-Oct-2024 00:13:27.185 INFO [main] org.apache.coyote.AbstractProtocol.init Inicializando el manejador de protocolo ["http-nio-8080"]

21-Oct-2024 00:13:27.207 INFO [main] org.apache.catalina.startup.Catalina.load Server initialization in [537] milliseconds
21-Oct-2024 00:13:27.262 INFO [main] org.apache.catalina.core.StandardService.startInternal Arrancando servicio [Catalina]
21-Oct-2024 00:13:27.262 INFO [main] org.apache.catalina.core.StandardEngine.startInternal Starting Servlet engine: [Apache Tomcat/9.0.94]
21-Oct-2024 00:13:27.274 INFO [main] org.apache.catalina.startup.HostConfig.deployDescriptor Desplieque del descriptor de configuración [C:\AS232S3_T03-be\T03_BodegaLaEsquinita_P\conf\Catalina\localhost\T03_BodegaLaEsquinita_P.xml]
21-Oct-2024 00:13:28.374 INFO [main] org.apache.jasper.servlet.TldScanner.scanJars Al menos un JAR, que se ha explorado buscando TLDs, aún no contenía TLDs. Activar historial de depuración para este historiador para una completa lista de los JARs que fueron explorados y de los que nos se halló TLDs. Saltarse JARs no necesarios durante la exploración puede dar lugar a una mejora de tiempo significativa en el arranque y compilación de JSP .
21-Oct-2024 00:13:28.489 INFO [main] org.apache.catalina.startup.HostConfig.deployDescriptor Deployment of deployment descriptor [C:\AS232S3_T03-be\T03_BodegaLaEsquinita_P\conf\Catalina\localhost\T03_BodegaLaEsquinita_P.xml] has finished in [1.213] ms
21-Oct-2024 00:13:28.494 INFO [main] org.apache.coyote.AbstractProtocol.start Starting ProtocolHandler ["http-nio-8080"]
21-Oct-2024 00:13:28.540 INFO [main] org.apache.catalina.startup.Catalina.start Server startup in [1333] milliseconds
21-Oct-2024 00:13:48.368 INFO [Thread-1] org.apache.coyote.AbstractProtocol.pause Pausing ProtocolHandler ["http-nio-8080"]
21-Oct-2024 00:13:48.399 INFO [Thread-1] org.apache.catalina.core.StandardService.stopInternal Parando servicio [Catalina]
21-Oct-2024 00:13:48.404 WARNING [Thread-1] org.apache.catalina.loader.WebappClassLoaderBase.clearReferencesJdbc La aplicación web [T03_BodegaLaEsquinita_P] registró el conductor JDBC [com.microsoft.sqlserver.jdbc.SQLServerDriver] pero falló al anular el registro mientras la aplicación web estaba parada. Para prevenir un fallo de memoria, se ha anulado el registro del conductor JDBC por la fuerza.
21-Oct-2024 00:13:48.407 INFO [Thread-1] org.apache.coyote.AbstractProtocol.stop Stopping ProtocolHandler ["http-nio-8080"]
21-Oct-2024 00:13:48.410 INFO [Thread-1] org.apache.coyote.AbstractProtocol.destroy Destroying ProtocolHandler ["http-nio-8080"]
